<?xml version="1.0" encoding="UTF-8"?>
<!-- Generated by org.testng.reporters.JUnitXMLReporter -->
<testsuite hostname="IFOCUSODC-PC14" name="VerifyCardTypeInMyStuff" tests="1" failures="1" timestamp="26 Jul 2018 14:54:38 GMT" time="50.906" errors="0">
  <testcase name="VerifyCardTypeInMyStuff" time="39.224" classname="com.viacom.smoketestscripts.VerifyCardTypeInMyStuff">
    <failure type="java.lang.NullPointerException">
      <![CDATA[java.lang.NullPointerException
	at com.viacom.smoketestscripts.VerifyCardTypeInMyStuff.VerifyCardTypeInMyStuff(VerifyCardTypeInMyStuff.java:61)
... Removed 24 stack frames]]>
    </failure>
  </testcase> <!-- VerifyCardTypeInMyStuff -->
</testsuite> <!-- VerifyCardTypeInMyStuff -->
