<?xml version="1.0" encoding="UTF-8"?>
<!-- Generated by org.testng.reporters.JUnitXMLReporter -->
<testsuite hostname="IFOCUSODC-PC14" name="VerifyCardMetadata" tests="1" failures="1" timestamp="26 Jul 2018 14:53:47 GMT" time="150.646" errors="0">
  <testcase name="VerifyCardTypeInMyStuff" time="138.936" classname="com.viacom.smoketestscripts.VerifyCardMetadata">
    <failure type="java.lang.AssertionError" message="256: Verify the type of cards in Watch tab is is FAIL">
      <![CDATA[java.lang.AssertionError: 256: Verify the type of cards in Watch tab is is FAIL
	at com.viacom.pagesVersion2.BasePageV2.reportFail(BasePageV2.java:64)
	at com.viacom.smoketestscripts.VerifyCardMetadata.VerifyCardTypeInMyStuff(VerifyCardMetadata.java:197)
... Removed 25 stack frames]]>
    </failure>
  </testcase> <!-- VerifyCardTypeInMyStuff -->
</testsuite> <!-- VerifyCardMetadata -->
