<?xml version="1.0" encoding="UTF-8"?>
<!-- Generated by org.testng.reporters.JUnitXMLReporter -->
<testsuite hostname="IFOCUSODC-PC14" name="VerifyHorizontalSwipeMyStuffWatch" tests="1" failures="1" timestamp="26 Jul 2018 21:52:05 GMT" time="60.577" errors="0">
  <testcase name="VerifyHorizontalSwipe" time="48.692" classname="com.viacom.smoketestscripts.VerifyHorizontalSwipeMyStuffWatch">
    <failure type="org.openqa.selenium.NoSuchElementException" message="An element could not be located on the page using the given search parameters.
For documentation on this error, please visit: http://seleniumhq.org/exceptions/no_such_element.html
Build info: version: &amp;apos;3.12.0&amp;apos;, revision: &amp;apos;7c6e0b3&amp;apos;, time: &amp;apos;2018-05-08T15:15:08.936Z&amp;apos;
System info: host: &amp;apos;IFOCUSODC-PC14&amp;apos;, ip: &amp;apos;192.168.1.62&amp;apos;, os.name: &amp;apos;Windows 10&amp;apos;, os.arch: &amp;apos;amd64&amp;apos;, os.version: &amp;apos;10.0&amp;apos;, java.version: &amp;apos;1.8.0_101&amp;apos;
Driver info: io.appium.java_client.android.AndroidDriver
Capabilities {BROWSER_NAME: Android, VERSION: 7.1.1, appActivity: com.tv.vootkids.ui.home.VKH..., appPackage: com.tv.vootkids, autoDismissAlerts: true, databaseEnabled: false, desired: {BROWSER_NAME: Android, VERSION: 7.1.1, appActivity: com.tv.vootkids.ui.home.VKH..., appPackage: com.tv.vootkids, autoDismissAlerts: true, deviceName: Moto E4, fullReset: false, newCommandTimeout: 300, noReset: true, platformName: android, udid: ZW2225DTSJ}, deviceManufacturer: motorola, deviceModel: Moto E (4), deviceName: ZW2225DTSJ, deviceScreenSize: 720x1280, deviceUDID: ZW2225DTSJ, fullReset: false, javascriptEnabled: true, locationContextEnabled: false, networkConnectionEnabled: true, newCommandTimeout: 300, noReset: true, platform: LINUX, platformName: LINUX, platformVersion: 7.1.1, takesScreenshot: true, udid: ZW2225DTSJ, warnings: {}, webStorageEnabled: false}
Session ID: 2a230a83-b926-4b1e-b9af-504fd6cf3450
*** Element info: {Using=xpath, value=//android.widget.LinearLayout[@index=&amp;apos;0&amp;apos;]/android.widget.FrameLayout[@index=&amp;apos;0&amp;apos;]/android.widget.LinearLayout[@index=&amp;apos;0&amp;apos;]/android.widget.RelativeLayout[@index=&amp;apos;1&amp;apos;]/android.widget.TextView[@index=&amp;apos;1&amp;apos;]}">
      <![CDATA[org.openqa.selenium.NoSuchElementException: An element could not be located on the page using the given search parameters.
For documentation on this error, please visit: http://seleniumhq.org/exceptions/no_such_element.html
Build info: version: '3.12.0', revision: '7c6e0b3', time: '2018-05-08T15:15:08.936Z'
System info: host: 'IFOCUSODC-PC14', ip: '192.168.1.62', os.name: 'Windows 10', os.arch: 'amd64', os.version: '10.0', java.version: '1.8.0_101'
Driver info: io.appium.java_client.android.AndroidDriver
Capabilities {BROWSER_NAME: Android, VERSION: 7.1.1, appActivity: com.tv.vootkids.ui.home.VKH..., appPackage: com.tv.vootkids, autoDismissAlerts: true, databaseEnabled: false, desired: {BROWSER_NAME: Android, VERSION: 7.1.1, appActivity: com.tv.vootkids.ui.home.VKH..., appPackage: com.tv.vootkids, autoDismissAlerts: true, deviceName: Moto E4, fullReset: false, newCommandTimeout: 300, noReset: true, platformName: android, udid: ZW2225DTSJ}, deviceManufacturer: motorola, deviceModel: Moto E (4), deviceName: ZW2225DTSJ, deviceScreenSize: 720x1280, deviceUDID: ZW2225DTSJ, fullReset: false, javascriptEnabled: true, locationContextEnabled: false, networkConnectionEnabled: true, newCommandTimeout: 300, noReset: true, platform: LINUX, platformName: LINUX, platformVersion: 7.1.1, takesScreenshot: true, udid: ZW2225DTSJ, warnings: {}, webStorageEnabled: false}
Session ID: 2a230a83-b926-4b1e-b9af-504fd6cf3450
*** Element info: {Using=xpath, value=//android.widget.LinearLayout[@index='0']/android.widget.FrameLayout[@index='0']/android.widget.LinearLayout[@index='0']/android.widget.RelativeLayout[@index='1']/android.widget.TextView[@index='1']}
	at org.openqa.selenium.remote.http.W3CHttpResponseCodec.createException(W3CHttpResponseCodec.java:187)
	at org.openqa.selenium.remote.http.W3CHttpResponseCodec.decode(W3CHttpResponseCodec.java:122)
	at org.openqa.selenium.remote.http.W3CHttpResponseCodec.decode(W3CHttpResponseCodec.java:49)
	at org.openqa.selenium.remote.HttpCommandExecutor.execute(HttpCommandExecutor.java:158)
	at io.appium.java_client.remote.AppiumCommandExecutor.execute(AppiumCommandExecutor.java:218)
	at org.openqa.selenium.remote.RemoteWebDriver.execute(RemoteWebDriver.java:543)
	at io.appium.java_client.DefaultGenericMobileDriver.execute(DefaultGenericMobileDriver.java:42)
	at io.appium.java_client.AppiumDriver.execute(AppiumDriver.java:1)
	at io.appium.java_client.android.AndroidDriver.execute(AndroidDriver.java:1)
	at org.openqa.selenium.remote.RemoteWebDriver.findElement(RemoteWebDriver.java:317)
	at io.appium.java_client.DefaultGenericMobileDriver.findElement(DefaultGenericMobileDriver.java:62)
	at io.appium.java_client.AppiumDriver.findElement(AppiumDriver.java:1)
	at io.appium.java_client.android.AndroidDriver.findElement(AndroidDriver.java:1)
	at org.openqa.selenium.remote.RemoteWebDriver.findElementByXPath(RemoteWebDriver.java:419)
	at io.appium.java_client.DefaultGenericMobileDriver.findElementByXPath(DefaultGenericMobileDriver.java:152)
	at io.appium.java_client.AppiumDriver.findElementByXPath(AppiumDriver.java:1)
	at io.appium.java_client.android.AndroidDriver.findElementByXPath(AndroidDriver.java:1)
	at com.viacom.smoketestscripts.VerifyHorizontalSwipeMyStuffWatch.VerifyHorizontalSwipe(VerifyHorizontalSwipeMyStuffWatch.java:88)
... Removed 27 stack frames]]>
    </failure>
  </testcase> <!-- VerifyHorizontalSwipe -->
</testsuite> <!-- VerifyHorizontalSwipeMyStuffWatch -->
