<?xml version="1.0" encoding="UTF-8"?>
<!-- Generated by org.testng.reporters.JUnitXMLReporter -->
<testsuite hostname="IFOCUSODC-PC14" name="VerifyFavouritesTrayAndIcon" tests="1" failures="1" timestamp="26 Jul 2018 21:51:04 GMT" time="24769.489" errors="0">
  <testcase name="VerifyLastViewedUI" time="24756.512" classname="com.viacom.smoketestscripts.VerifyFavouritesTrayAndIcon">
    <failure type="java.lang.IndexOutOfBoundsException" message="Index: 0, Size: 0">
      <![CDATA[java.lang.IndexOutOfBoundsException: Index: 0, Size: 0
	at java.util.ArrayList.rangeCheck(Unknown Source)
	at java.util.ArrayList.get(Unknown Source)
	at org.openqa.selenium.support.pagefactory.internal.LocatingElementListHandler.invoke(LocatingElementListHandler.java:39)
	at com.sun.proxy.$Proxy13.get(Unknown Source)
	at com.viacom.smoketestscripts.VerifyFavouritesTrayAndIcon.VerifyLastViewedUI(VerifyFavouritesTrayAndIcon.java:138)
... Removed 28 stack frames]]>
    </failure>
  </testcase> <!-- VerifyLastViewedUI -->
</testsuite> <!-- VerifyFavouritesTrayAndIcon -->
