<?xml version="1.0" encoding="UTF-8"?>
<!-- Generated by org.testng.reporters.JUnitXMLReporter -->
<testsuite hostname="IFOCUSODC-PC14" name="VerifyCharactersInCharactersTray" tests="1" failures="1" timestamp="26 Jul 2018 14:56:06 GMT" time="55.014" errors="0">
  <testcase name="VerifyCharactersInCharactersTray" time="43.371" classname="com.viacom.smoketestscripts.VerifyCharactersInCharactersTray">
    <failure type="java.lang.AssertionError" message="Unable to scroll to ALL CHARACTERS section">
      <![CDATA[java.lang.AssertionError: Unable to scroll to ALL CHARACTERS section
	at com.viacom.pagesVersion2.BasePageV2.reportFail(BasePageV2.java:64)
	at com.viacom.smoketestscripts.VerifyCharactersInCharactersTray.VerifyCharactersInCharactersTray(VerifyCharactersInCharactersTray.java:92)
... Removed 25 stack frames]]>
    </failure>
  </testcase> <!-- VerifyCharactersInCharactersTray -->
</testsuite> <!-- VerifyCharactersInCharactersTray -->
