<?xml version="1.0" encoding="UTF-8"?>
<!-- Generated by org.testng.reporters.JUnitXMLReporter -->
<testsuite hostname="IFOCUSODC-PC14" name="Verify4" tests="1" failures="1" timestamp="26 Jul 2018 22:15:15 GMT" time="76.764" errors="0">
  <testcase name="loginTest" time="64.934" classname="com.viacom.smoketestscripts.VerifySwitchProfileFunctionalityTest">
    <failure type="java.lang.AssertionError" message="Clicking on Back Arrow not navigated to Switch Profile Screen">
      <![CDATA[java.lang.AssertionError: Clicking on Back Arrow not navigated to Switch Profile Screen
	at com.viacom.pagesVersion2.BasePageV2.reportFail(BasePageV2.java:64)
	at com.viacom.smoketestscripts.VerifySwitchProfileFunctionalityTest.loginTest(VerifySwitchProfileFunctionalityTest.java:91)
... Removed 25 stack frames]]>
    </failure>
  </testcase> <!-- loginTest -->
</testsuite> <!-- Verify4 -->
