<?xml version="1.0" encoding="UTF-8"?>
<!-- Generated by org.testng.reporters.JUnitXMLReporter -->
<testsuite hostname="IFOCUSODC-PC14" name="VerifyCharacterShowCard" tests="1" failures="1" timestamp="26 Jul 2018 14:55:11 GMT" time="32.569" errors="0">
  <testcase name="VerifyCharacterShowCard" time="20.751" classname="com.viacom.smoketestscripts.VerifyCharacterShowCard">
    <failure type="java.lang.AssertionError" message="Unable to scroll to ALL CHARACTERS section">
      <![CDATA[java.lang.AssertionError: Unable to scroll to ALL CHARACTERS section
	at com.viacom.pagesVersion2.BasePageV2.reportFail(BasePageV2.java:64)
	at com.viacom.smoketestscripts.VerifyCharacterShowCard.VerifyCharacterShowCard(VerifyCharacterShowCard.java:70)
... Removed 25 stack frames]]>
    </failure>
  </testcase> <!-- VerifyCharacterShowCard -->
</testsuite> <!-- VerifyCharacterShowCard -->
