<?xml version="1.0" encoding="UTF-8"?>
<!-- Generated by org.testng.reporters.JUnitXMLReporter -->
<testsuite hostname="IFOCUSODC-PC14" name="VerifyDisplayCardOrderInCarousal" tests="1" failures="1" timestamp="26 Jul 2018 14:58:15 GMT" time="55.028" errors="0">
  <testcase name="VerifyDisplayCardOrderInCarousal" time="43.405" classname="com.viacom.smoketestscripts.VerifyDisplayCardOrderInCarousal">
    <failure type="java.lang.AssertionError" message="Since carousal does not contain 5 cards or contains duplicate cards failing the case">
      <![CDATA[java.lang.AssertionError: Since carousal does not contain 5 cards or contains duplicate cards failing the case
	at com.viacom.pagesVersion2.BasePageV2.reportFail(BasePageV2.java:64)
	at com.viacom.smoketestscripts.VerifyDisplayCardOrderInCarousal.VerifyDisplayCardOrderInCarousal(VerifyDisplayCardOrderInCarousal.java:64)
... Removed 25 stack frames]]>
    </failure>
  </testcase> <!-- VerifyDisplayCardOrderInCarousal -->
</testsuite> <!-- VerifyDisplayCardOrderInCarousal -->
