<?xml version="1.0" encoding="UTF-8"?>
<!-- Generated by org.testng.reporters.JUnitXMLReporter -->
<testsuite hostname="IFOCUSODC-PC14" name="VerifyLastViewedUI" tests="1" failures="0" timestamp="25 Jul 2018 15:14:37 GMT" time="0.016" errors="0">
  <testcase name="@BeforeMethod setup" time="0.0" classname="com.viacom.smoketestscripts.VerifyLastViewedUI">
    <failure type="java.lang.IllegalStateException" message="The driver executable does not exist: C:\Program Files (x86)\Appium\node.exe">
      <![CDATA[java.lang.IllegalStateException: The driver executable does not exist: C:\Program Files (x86)\Appium\node.exe
	at com.google.common.base.Preconditions.checkState(Preconditions.java:585)
	at org.openqa.selenium.remote.service.DriverService.checkExecutable(DriverService.java:136)
	at org.openqa.selenium.remote.service.DriverService$Builder.usingDriverExecutable(DriverService.java:261)
	at io.appium.java_client.service.local.AppiumServiceBuilder.usingDriverExecutable(AppiumServiceBuilder.java:451)
	at com.viacom.utils.Utilities.startAppiumServer(Utilities.java:311)
	at com.viacom.smoketestscripts.BaseTestV2.setup(BaseTestV2.java:48)
... Removed 26 stack frames]]>
    </failure>
  </testcase> <!-- @BeforeMethod setup -->
  <testcase name="@AfterMethod tearDown" time="0.0" classname="com.viacom.smoketestscripts.VerifyLastViewedUI">
    <skipped/>
  </testcase> <!-- @AfterMethod tearDown -->
  <testcase name="VerifyLastViewedUI" time="0.016" classname="com.viacom.smoketestscripts.VerifyLastViewedUI">
    <skipped/>
  </testcase> <!-- VerifyLastViewedUI -->
</testsuite> <!-- VerifyLastViewedUI -->
