<?xml version="1.0" encoding="UTF-8"?>
<!-- Generated by org.testng.reporters.JUnitXMLReporter -->
<testsuite hostname="IFOCUSODC-PC14" name="Verify3" tests="1" failures="1" timestamp="26 Jul 2018 22:13:59 GMT" time="82.662" errors="0">
  <testcase name="loginTest" time="70.764" classname="com.viacom.smoketestscripts.VerifyEditProfileFunctionalitytest">
    <failure type="java.lang.AssertionError" message="Clicking on Back Arrow not navigated to Switch Profile Screen">
      <![CDATA[java.lang.AssertionError: Clicking on Back Arrow not navigated to Switch Profile Screen
	at com.viacom.pagesVersion2.BasePageV2.reportFail(BasePageV2.java:64)
	at com.viacom.smoketestscripts.VerifyEditProfileFunctionalitytest.loginTest(VerifyEditProfileFunctionalitytest.java:139)
... Removed 25 stack frames]]>
    </failure>
  </testcase> <!-- loginTest -->
</testsuite> <!-- Verify3 -->
