<?xml version="1.0" encoding="UTF-8"?>
<!-- Generated by org.testng.reporters.JUnitXMLReporter -->
<testsuite hostname="IFOCUSODC-PC14" name="Verify1" tests="1" failures="1" timestamp="26 Jul 2018 22:00:42 GMT" time="351.652" errors="0">
  <testcase name="loginTest" time="339.762" classname="com.viacom.smoketestscripts.VootKidsCreateProfileScreenFunctionalityTest">
    <failure type="java.lang.AssertionError" message="Not navigated back to Switch Profile Screen">
      <![CDATA[java.lang.AssertionError: Not navigated back to Switch Profile Screen
	at com.viacom.pagesVersion2.BasePageV2.reportFail(BasePageV2.java:64)
	at com.viacom.smoketestscripts.VootKidsCreateProfileScreenFunctionalityTest.loginTest(VootKidsCreateProfileScreenFunctionalityTest.java:170)
... Removed 25 stack frames]]>
    </failure>
  </testcase> <!-- loginTest -->
</testsuite> <!-- Verify1 -->
