<?xml version="1.0" encoding="UTF-8"?>
<!-- Generated by org.testng.reporters.JUnitXMLReporter -->
<testsuite hostname="IFOCUSODC-PC14" name="VerifyLastViewedUI" tests="1" failures="1" timestamp="26 Jul 2018 21:54:51 GMT" time="165.545" errors="0">
  <testcase name="VerifyLastViewedUI" time="153.605" classname="com.viacom.smoketestscripts.VerifyLastViewedUI">
    <failure type="java.lang.AssertionError" message="165: Verify the UI of &amp;apos;Last Viewed&amp;apos; section in My Stuff Tab is FAIL">
      <![CDATA[java.lang.AssertionError: 165: Verify the UI of 'Last Viewed' section in My Stuff Tab is FAIL
	at com.viacom.pagesVersion2.BasePageV2.reportFail(BasePageV2.java:64)
	at com.viacom.smoketestscripts.VerifyLastViewedUI.VerifyLastViewedUI(VerifyLastViewedUI.java:163)
... Removed 25 stack frames]]>
    </failure>
  </testcase> <!-- VerifyLastViewedUI -->
</testsuite> <!-- VerifyLastViewedUI -->
