<?xml version="1.0" encoding="UTF-8"?>
<testng-results skipped="15" failed="0" total="15" passed="0">
  <reporter-output>
  </reporter-output>
  <suite name="Suite" duration-ms="437" started-at="2018-07-25T15:14:36Z" finished-at="2018-07-25T15:14:37Z">
    <groups>
    </groups>
    <test name="Test1" duration-ms="62" started-at="2018-07-25T15:14:36Z" finished-at="2018-07-25T15:14:37Z">
      <class name="com.viacom.smoketestscripts.signupFunctionalityCreateProfilePageTest">
        <test-method status="FAIL" signature="setup()[pri:0, instance:com.viacom.smoketestscripts.signupFunctionalityCreateProfilePageTest@741a8937]" name="setup" is-config="true" duration-ms="0" started-at="2018-07-25T20:44:36Z" finished-at="2018-07-25T20:44:36Z">
          <exception class="java.lang.IllegalStateException">
            <message>
              <![CDATA[The driver executable does not exist: C:\Program Files (x86)\Appium\node.exe]]>
            </message>
            <full-stacktrace>
              <![CDATA[java.lang.IllegalStateException: The driver executable does not exist: C:\Program Files (x86)\Appium\node.exe
	at com.google.common.base.Preconditions.checkState(Preconditions.java:585)
	at org.openqa.selenium.remote.service.DriverService.checkExecutable(DriverService.java:136)
	at org.openqa.selenium.remote.service.DriverService$Builder.usingDriverExecutable(DriverService.java:261)
	at io.appium.java_client.service.local.AppiumServiceBuilder.usingDriverExecutable(AppiumServiceBuilder.java:451)
	at com.viacom.utils.Utilities.startAppiumServer(Utilities.java:311)
	at com.viacom.smoketestscripts.BaseTestV2.setup(BaseTestV2.java:48)
	at sun.reflect.NativeMethodAccessorImpl.invoke0(Native Method)
	at sun.reflect.NativeMethodAccessorImpl.invoke(Unknown Source)
	at sun.reflect.DelegatingMethodAccessorImpl.invoke(Unknown Source)
	at java.lang.reflect.Method.invoke(Unknown Source)
	at org.testng.internal.MethodInvocationHelper.invokeMethod(MethodInvocationHelper.java:86)
	at org.testng.internal.Invoker.invokeConfigurationMethod(Invoker.java:514)
	at org.testng.internal.Invoker.invokeConfigurations(Invoker.java:215)
	at org.testng.internal.Invoker.invokeMethod(Invoker.java:589)
	at org.testng.internal.Invoker.invokeTestMethod(Invoker.java:820)
	at org.testng.internal.Invoker.invokeTestMethods(Invoker.java:1128)
	at org.testng.internal.TestMethodWorker.invokeTestMethods(TestMethodWorker.java:129)
	at org.testng.internal.TestMethodWorker.run(TestMethodWorker.java:112)
	at org.testng.TestRunner.privateRun(TestRunner.java:782)
	at org.testng.TestRunner.run(TestRunner.java:632)
	at org.testng.SuiteRunner.runTest(SuiteRunner.java:366)
	at org.testng.SuiteRunner.runSequentially(SuiteRunner.java:361)
	at org.testng.SuiteRunner.privateRun(SuiteRunner.java:319)
	at org.testng.SuiteRunner.run(SuiteRunner.java:268)
	at org.testng.SuiteRunnerWorker.runSuite(SuiteRunnerWorker.java:52)
	at org.testng.SuiteRunnerWorker.run(SuiteRunnerWorker.java:86)
	at org.testng.TestNG.runSuitesSequentially(TestNG.java:1244)
	at org.testng.TestNG.runSuitesLocally(TestNG.java:1169)
	at org.testng.TestNG.run(TestNG.java:1064)
	at org.testng.remote.AbstractRemoteTestNG.run(AbstractRemoteTestNG.java:132)
	at org.testng.remote.RemoteTestNG.initAndRun(RemoteTestNG.java:230)
	at org.testng.remote.RemoteTestNG.main(RemoteTestNG.java:76)
]]>
            </full-stacktrace>
          </exception> <!-- java.lang.IllegalStateException -->
          <reporter-output>
          </reporter-output>
        </test-method> <!-- setup -->
        <test-method status="SKIP" signature="signUpFunctionalityCreateProfilePage(java.util.Hashtable)[pri:0, instance:com.viacom.smoketestscripts.signupFunctionalityCreateProfilePageTest@741a8937]" name="signUpFunctionalityCreateProfilePage" duration-ms="0" started-at="2018-07-25T20:44:36Z" data-provider="getData" finished-at="2018-07-25T20:44:36Z">
          <params>
            <param index="0">
              <value>
                <![CDATA[{Password=daya123, Runmode=Y, Email=daya123@daya.in

}]]>
              </value>
            </param>
          </params>
          <reporter-output>
          </reporter-output>
        </test-method> <!-- signUpFunctionalityCreateProfilePage -->
        <test-method status="SKIP" signature="tearDown()[pri:0, instance:com.viacom.smoketestscripts.signupFunctionalityCreateProfilePageTest@741a8937]" name="tearDown" is-config="true" duration-ms="0" started-at="2018-07-25T20:44:36Z" finished-at="2018-07-25T20:44:36Z">
          <reporter-output>
          </reporter-output>
        </test-method> <!-- tearDown -->
      </class> <!-- com.viacom.smoketestscripts.signupFunctionalityCreateProfilePageTest -->
    </test> <!-- Test1 -->
    <test name="Test2" duration-ms="16" started-at="2018-07-25T15:14:37Z" finished-at="2018-07-25T15:14:37Z">
      <class name="com.viacom.smoketestscripts.SignupFunctionalityTest">
        <test-method status="FAIL" signature="setup()[pri:0, instance:com.viacom.smoketestscripts.SignupFunctionalityTest@66f57048]" name="setup" is-config="true" duration-ms="0" started-at="2018-07-25T20:44:37Z" finished-at="2018-07-25T20:44:37Z">
          <exception class="java.lang.IllegalStateException">
            <message>
              <![CDATA[The driver executable does not exist: C:\Program Files (x86)\Appium\node.exe]]>
            </message>
            <full-stacktrace>
              <![CDATA[java.lang.IllegalStateException: The driver executable does not exist: C:\Program Files (x86)\Appium\node.exe
	at com.google.common.base.Preconditions.checkState(Preconditions.java:585)
	at org.openqa.selenium.remote.service.DriverService.checkExecutable(DriverService.java:136)
	at org.openqa.selenium.remote.service.DriverService$Builder.usingDriverExecutable(DriverService.java:261)
	at io.appium.java_client.service.local.AppiumServiceBuilder.usingDriverExecutable(AppiumServiceBuilder.java:451)
	at com.viacom.utils.Utilities.startAppiumServer(Utilities.java:311)
	at com.viacom.smoketestscripts.BaseTestV2.setup(BaseTestV2.java:48)
	at sun.reflect.NativeMethodAccessorImpl.invoke0(Native Method)
	at sun.reflect.NativeMethodAccessorImpl.invoke(Unknown Source)
	at sun.reflect.DelegatingMethodAccessorImpl.invoke(Unknown Source)
	at java.lang.reflect.Method.invoke(Unknown Source)
	at org.testng.internal.MethodInvocationHelper.invokeMethod(MethodInvocationHelper.java:86)
	at org.testng.internal.Invoker.invokeConfigurationMethod(Invoker.java:514)
	at org.testng.internal.Invoker.invokeConfigurations(Invoker.java:215)
	at org.testng.internal.Invoker.invokeMethod(Invoker.java:589)
	at org.testng.internal.Invoker.invokeTestMethod(Invoker.java:820)
	at org.testng.internal.Invoker.invokeTestMethods(Invoker.java:1128)
	at org.testng.internal.TestMethodWorker.invokeTestMethods(TestMethodWorker.java:129)
	at org.testng.internal.TestMethodWorker.run(TestMethodWorker.java:112)
	at org.testng.TestRunner.privateRun(TestRunner.java:782)
	at org.testng.TestRunner.run(TestRunner.java:632)
	at org.testng.SuiteRunner.runTest(SuiteRunner.java:366)
	at org.testng.SuiteRunner.runSequentially(SuiteRunner.java:361)
	at org.testng.SuiteRunner.privateRun(SuiteRunner.java:319)
	at org.testng.SuiteRunner.run(SuiteRunner.java:268)
	at org.testng.SuiteRunnerWorker.runSuite(SuiteRunnerWorker.java:52)
	at org.testng.SuiteRunnerWorker.run(SuiteRunnerWorker.java:86)
	at org.testng.TestNG.runSuitesSequentially(TestNG.java:1244)
	at org.testng.TestNG.runSuitesLocally(TestNG.java:1169)
	at org.testng.TestNG.run(TestNG.java:1064)
	at org.testng.remote.AbstractRemoteTestNG.run(AbstractRemoteTestNG.java:132)
	at org.testng.remote.RemoteTestNG.initAndRun(RemoteTestNG.java:230)
	at org.testng.remote.RemoteTestNG.main(RemoteTestNG.java:76)
]]>
            </full-stacktrace>
          </exception> <!-- java.lang.IllegalStateException -->
          <reporter-output>
          </reporter-output>
        </test-method> <!-- setup -->
        <test-method status="SKIP" signature="signUpFunctionality(java.util.Hashtable)[pri:0, instance:com.viacom.smoketestscripts.SignupFunctionalityTest@66f57048]" name="signUpFunctionality" duration-ms="0" started-at="2018-07-25T20:44:37Z" data-provider="getData" finished-at="2018-07-25T20:44:37Z">
          <params>
            <param index="0">
              <value>
                <![CDATA[{Password=rose, Runmode=Y, Email=dayanand.s@ifocussystec.in}]]>
              </value>
            </param>
          </params>
          <reporter-output>
          </reporter-output>
        </test-method> <!-- signUpFunctionality -->
        <test-method status="SKIP" signature="tearDown()[pri:0, instance:com.viacom.smoketestscripts.SignupFunctionalityTest@66f57048]" name="tearDown" is-config="true" duration-ms="0" started-at="2018-07-25T20:44:37Z" finished-at="2018-07-25T20:44:37Z">
          <reporter-output>
          </reporter-output>
        </test-method> <!-- tearDown -->
      </class> <!-- com.viacom.smoketestscripts.SignupFunctionalityTest -->
    </test> <!-- Test2 -->
    <test name="VerifyCardMetadata" duration-ms="0" started-at="2018-07-25T15:14:37Z" finished-at="2018-07-25T15:14:37Z">
      <class name="com.viacom.smoketestscripts.VerifyCardMetadata">
        <test-method status="SKIP" signature="tearDown()[pri:0, instance:com.viacom.smoketestscripts.VerifyCardMetadata@659499f1]" name="tearDown" is-config="true" duration-ms="0" started-at="2018-07-25T20:44:37Z" finished-at="2018-07-25T20:44:37Z">
          <reporter-output>
          </reporter-output>
        </test-method> <!-- tearDown -->
        <test-method status="SKIP" signature="VerifyCardTypeInMyStuff(java.util.Hashtable)[pri:0, instance:com.viacom.smoketestscripts.VerifyCardMetadata@659499f1]" name="VerifyCardTypeInMyStuff" duration-ms="0" started-at="2018-07-25T20:44:37Z" data-provider="getData" finished-at="2018-07-25T20:44:37Z">
          <params>
            <param index="0">
              <value>
                <![CDATA[{Password=daya123, Runmode=Y, Email=daya123@daya.in

}]]>
              </value>
            </param>
          </params>
          <reporter-output>
          </reporter-output>
        </test-method> <!-- VerifyCardTypeInMyStuff -->
        <test-method status="FAIL" signature="setup()[pri:0, instance:com.viacom.smoketestscripts.VerifyCardMetadata@659499f1]" name="setup" is-config="true" duration-ms="0" started-at="2018-07-25T20:44:37Z" finished-at="2018-07-25T20:44:37Z">
          <exception class="java.lang.IllegalStateException">
            <message>
              <![CDATA[The driver executable does not exist: C:\Program Files (x86)\Appium\node.exe]]>
            </message>
            <full-stacktrace>
              <![CDATA[java.lang.IllegalStateException: The driver executable does not exist: C:\Program Files (x86)\Appium\node.exe
	at com.google.common.base.Preconditions.checkState(Preconditions.java:585)
	at org.openqa.selenium.remote.service.DriverService.checkExecutable(DriverService.java:136)
	at org.openqa.selenium.remote.service.DriverService$Builder.usingDriverExecutable(DriverService.java:261)
	at io.appium.java_client.service.local.AppiumServiceBuilder.usingDriverExecutable(AppiumServiceBuilder.java:451)
	at com.viacom.utils.Utilities.startAppiumServer(Utilities.java:311)
	at com.viacom.smoketestscripts.BaseTestV2.setup(BaseTestV2.java:48)
	at sun.reflect.NativeMethodAccessorImpl.invoke0(Native Method)
	at sun.reflect.NativeMethodAccessorImpl.invoke(Unknown Source)
	at sun.reflect.DelegatingMethodAccessorImpl.invoke(Unknown Source)
	at java.lang.reflect.Method.invoke(Unknown Source)
	at org.testng.internal.MethodInvocationHelper.invokeMethod(MethodInvocationHelper.java:86)
	at org.testng.internal.Invoker.invokeConfigurationMethod(Invoker.java:514)
	at org.testng.internal.Invoker.invokeConfigurations(Invoker.java:215)
	at org.testng.internal.Invoker.invokeMethod(Invoker.java:589)
	at org.testng.internal.Invoker.invokeTestMethod(Invoker.java:820)
	at org.testng.internal.Invoker.invokeTestMethods(Invoker.java:1128)
	at org.testng.internal.TestMethodWorker.invokeTestMethods(TestMethodWorker.java:129)
	at org.testng.internal.TestMethodWorker.run(TestMethodWorker.java:112)
	at org.testng.TestRunner.privateRun(TestRunner.java:782)
	at org.testng.TestRunner.run(TestRunner.java:632)
	at org.testng.SuiteRunner.runTest(SuiteRunner.java:366)
	at org.testng.SuiteRunner.runSequentially(SuiteRunner.java:361)
	at org.testng.SuiteRunner.privateRun(SuiteRunner.java:319)
	at org.testng.SuiteRunner.run(SuiteRunner.java:268)
	at org.testng.SuiteRunnerWorker.runSuite(SuiteRunnerWorker.java:52)
	at org.testng.SuiteRunnerWorker.run(SuiteRunnerWorker.java:86)
	at org.testng.TestNG.runSuitesSequentially(TestNG.java:1244)
	at org.testng.TestNG.runSuitesLocally(TestNG.java:1169)
	at org.testng.TestNG.run(TestNG.java:1064)
	at org.testng.remote.AbstractRemoteTestNG.run(AbstractRemoteTestNG.java:132)
	at org.testng.remote.RemoteTestNG.initAndRun(RemoteTestNG.java:230)
	at org.testng.remote.RemoteTestNG.main(RemoteTestNG.java:76)
]]>
            </full-stacktrace>
          </exception> <!-- java.lang.IllegalStateException -->
          <reporter-output>
          </reporter-output>
        </test-method> <!-- setup -->
      </class> <!-- com.viacom.smoketestscripts.VerifyCardMetadata -->
    </test> <!-- VerifyCardMetadata -->
    <test name="VerifyCardTypeInMyStuff" duration-ms="16" started-at="2018-07-25T15:14:37Z" finished-at="2018-07-25T15:14:37Z">
      <class name="com.viacom.smoketestscripts.VerifyCardTypeInMyStuff">
        <test-method status="FAIL" signature="setup()[pri:0, instance:com.viacom.smoketestscripts.VerifyCardTypeInMyStuff@48aca48b]" name="setup" is-config="true" duration-ms="0" started-at="2018-07-25T20:44:37Z" finished-at="2018-07-25T20:44:37Z">
          <exception class="java.lang.IllegalStateException">
            <message>
              <![CDATA[The driver executable does not exist: C:\Program Files (x86)\Appium\node.exe]]>
            </message>
            <full-stacktrace>
              <![CDATA[java.lang.IllegalStateException: The driver executable does not exist: C:\Program Files (x86)\Appium\node.exe
	at com.google.common.base.Preconditions.checkState(Preconditions.java:585)
	at org.openqa.selenium.remote.service.DriverService.checkExecutable(DriverService.java:136)
	at org.openqa.selenium.remote.service.DriverService$Builder.usingDriverExecutable(DriverService.java:261)
	at io.appium.java_client.service.local.AppiumServiceBuilder.usingDriverExecutable(AppiumServiceBuilder.java:451)
	at com.viacom.utils.Utilities.startAppiumServer(Utilities.java:311)
	at com.viacom.smoketestscripts.BaseTestV2.setup(BaseTestV2.java:48)
	at sun.reflect.NativeMethodAccessorImpl.invoke0(Native Method)
	at sun.reflect.NativeMethodAccessorImpl.invoke(Unknown Source)
	at sun.reflect.DelegatingMethodAccessorImpl.invoke(Unknown Source)
	at java.lang.reflect.Method.invoke(Unknown Source)
	at org.testng.internal.MethodInvocationHelper.invokeMethod(MethodInvocationHelper.java:86)
	at org.testng.internal.Invoker.invokeConfigurationMethod(Invoker.java:514)
	at org.testng.internal.Invoker.invokeConfigurations(Invoker.java:215)
	at org.testng.internal.Invoker.invokeMethod(Invoker.java:589)
	at org.testng.internal.Invoker.invokeTestMethod(Invoker.java:820)
	at org.testng.internal.Invoker.invokeTestMethods(Invoker.java:1128)
	at org.testng.internal.TestMethodWorker.invokeTestMethods(TestMethodWorker.java:129)
	at org.testng.internal.TestMethodWorker.run(TestMethodWorker.java:112)
	at org.testng.TestRunner.privateRun(TestRunner.java:782)
	at org.testng.TestRunner.run(TestRunner.java:632)
	at org.testng.SuiteRunner.runTest(SuiteRunner.java:366)
	at org.testng.SuiteRunner.runSequentially(SuiteRunner.java:361)
	at org.testng.SuiteRunner.privateRun(SuiteRunner.java:319)
	at org.testng.SuiteRunner.run(SuiteRunner.java:268)
	at org.testng.SuiteRunnerWorker.runSuite(SuiteRunnerWorker.java:52)
	at org.testng.SuiteRunnerWorker.run(SuiteRunnerWorker.java:86)
	at org.testng.TestNG.runSuitesSequentially(TestNG.java:1244)
	at org.testng.TestNG.runSuitesLocally(TestNG.java:1169)
	at org.testng.TestNG.run(TestNG.java:1064)
	at org.testng.remote.AbstractRemoteTestNG.run(AbstractRemoteTestNG.java:132)
	at org.testng.remote.RemoteTestNG.initAndRun(RemoteTestNG.java:230)
	at org.testng.remote.RemoteTestNG.main(RemoteTestNG.java:76)
]]>
            </full-stacktrace>
          </exception> <!-- java.lang.IllegalStateException -->
          <reporter-output>
          </reporter-output>
        </test-method> <!-- setup -->
        <test-method status="SKIP" signature="VerifyCardTypeInMyStuff(java.util.Hashtable)[pri:0, instance:com.viacom.smoketestscripts.VerifyCardTypeInMyStuff@48aca48b]" name="VerifyCardTypeInMyStuff" duration-ms="0" started-at="2018-07-25T20:44:37Z" data-provider="getData" finished-at="2018-07-25T20:44:37Z">
          <params>
            <param index="0">
              <value>
                <![CDATA[{Password=daya123, Runmode=Y, Email=daya123@daya.in

}]]>
              </value>
            </param>
          </params>
          <reporter-output>
          </reporter-output>
        </test-method> <!-- VerifyCardTypeInMyStuff -->
        <test-method status="SKIP" signature="tearDown()[pri:0, instance:com.viacom.smoketestscripts.VerifyCardTypeInMyStuff@48aca48b]" name="tearDown" is-config="true" duration-ms="0" started-at="2018-07-25T20:44:37Z" finished-at="2018-07-25T20:44:37Z">
          <reporter-output>
          </reporter-output>
        </test-method> <!-- tearDown -->
      </class> <!-- com.viacom.smoketestscripts.VerifyCardTypeInMyStuff -->
    </test> <!-- VerifyCardTypeInMyStuff -->
    <test name="VerifyCharacterShowCard" duration-ms="0" started-at="2018-07-25T15:14:37Z" finished-at="2018-07-25T15:14:37Z">
      <class name="com.viacom.smoketestscripts.VerifyCharacterShowCard">
        <test-method status="SKIP" signature="tearDown()[pri:0, instance:com.viacom.smoketestscripts.VerifyCharacterShowCard@942a29c]" name="tearDown" is-config="true" duration-ms="0" started-at="2018-07-25T20:44:37Z" finished-at="2018-07-25T20:44:37Z">
          <reporter-output>
          </reporter-output>
        </test-method> <!-- tearDown -->
        <test-method status="SKIP" signature="VerifyCharacterShowCard(java.util.Hashtable)[pri:0, instance:com.viacom.smoketestscripts.VerifyCharacterShowCard@942a29c]" name="VerifyCharacterShowCard" duration-ms="0" started-at="2018-07-25T20:44:37Z" data-provider="getData" finished-at="2018-07-25T20:44:37Z">
          <params>
            <param index="0">
              <value>
                <![CDATA[{Runmode=Y}]]>
              </value>
            </param>
          </params>
          <reporter-output>
          </reporter-output>
        </test-method> <!-- VerifyCharacterShowCard -->
        <test-method status="FAIL" signature="setup()[pri:0, instance:com.viacom.smoketestscripts.VerifyCharacterShowCard@942a29c]" name="setup" is-config="true" duration-ms="0" started-at="2018-07-25T20:44:37Z" finished-at="2018-07-25T20:44:37Z">
          <exception class="java.lang.IllegalStateException">
            <message>
              <![CDATA[The driver executable does not exist: C:\Program Files (x86)\Appium\node.exe]]>
            </message>
            <full-stacktrace>
              <![CDATA[java.lang.IllegalStateException: The driver executable does not exist: C:\Program Files (x86)\Appium\node.exe
	at com.google.common.base.Preconditions.checkState(Preconditions.java:585)
	at org.openqa.selenium.remote.service.DriverService.checkExecutable(DriverService.java:136)
	at org.openqa.selenium.remote.service.DriverService$Builder.usingDriverExecutable(DriverService.java:261)
	at io.appium.java_client.service.local.AppiumServiceBuilder.usingDriverExecutable(AppiumServiceBuilder.java:451)
	at com.viacom.utils.Utilities.startAppiumServer(Utilities.java:311)
	at com.viacom.smoketestscripts.BaseTestV2.setup(BaseTestV2.java:48)
	at sun.reflect.NativeMethodAccessorImpl.invoke0(Native Method)
	at sun.reflect.NativeMethodAccessorImpl.invoke(Unknown Source)
	at sun.reflect.DelegatingMethodAccessorImpl.invoke(Unknown Source)
	at java.lang.reflect.Method.invoke(Unknown Source)
	at org.testng.internal.MethodInvocationHelper.invokeMethod(MethodInvocationHelper.java:86)
	at org.testng.internal.Invoker.invokeConfigurationMethod(Invoker.java:514)
	at org.testng.internal.Invoker.invokeConfigurations(Invoker.java:215)
	at org.testng.internal.Invoker.invokeMethod(Invoker.java:589)
	at org.testng.internal.Invoker.invokeTestMethod(Invoker.java:820)
	at org.testng.internal.Invoker.invokeTestMethods(Invoker.java:1128)
	at org.testng.internal.TestMethodWorker.invokeTestMethods(TestMethodWorker.java:129)
	at org.testng.internal.TestMethodWorker.run(TestMethodWorker.java:112)
	at org.testng.TestRunner.privateRun(TestRunner.java:782)
	at org.testng.TestRunner.run(TestRunner.java:632)
	at org.testng.SuiteRunner.runTest(SuiteRunner.java:366)
	at org.testng.SuiteRunner.runSequentially(SuiteRunner.java:361)
	at org.testng.SuiteRunner.privateRun(SuiteRunner.java:319)
	at org.testng.SuiteRunner.run(SuiteRunner.java:268)
	at org.testng.SuiteRunnerWorker.runSuite(SuiteRunnerWorker.java:52)
	at org.testng.SuiteRunnerWorker.run(SuiteRunnerWorker.java:86)
	at org.testng.TestNG.runSuitesSequentially(TestNG.java:1244)
	at org.testng.TestNG.runSuitesLocally(TestNG.java:1169)
	at org.testng.TestNG.run(TestNG.java:1064)
	at org.testng.remote.AbstractRemoteTestNG.run(AbstractRemoteTestNG.java:132)
	at org.testng.remote.RemoteTestNG.initAndRun(RemoteTestNG.java:230)
	at org.testng.remote.RemoteTestNG.main(RemoteTestNG.java:76)
]]>
            </full-stacktrace>
          </exception> <!-- java.lang.IllegalStateException -->
          <reporter-output>
          </reporter-output>
        </test-method> <!-- setup -->
      </class> <!-- com.viacom.smoketestscripts.VerifyCharacterShowCard -->
    </test> <!-- VerifyCharacterShowCard -->
    <test name="VerifyCharactersInCharactersTray" duration-ms="16" started-at="2018-07-25T15:14:37Z" finished-at="2018-07-25T15:14:37Z">
      <class name="com.viacom.smoketestscripts.VerifyCharactersInCharactersTray">
        <test-method status="FAIL" signature="setup()[pri:0, instance:com.viacom.smoketestscripts.VerifyCharactersInCharactersTray@2e6a8155]" name="setup" is-config="true" duration-ms="0" started-at="2018-07-25T20:44:37Z" finished-at="2018-07-25T20:44:37Z">
          <exception class="java.lang.IllegalStateException">
            <message>
              <![CDATA[The driver executable does not exist: C:\Program Files (x86)\Appium\node.exe]]>
            </message>
            <full-stacktrace>
              <![CDATA[java.lang.IllegalStateException: The driver executable does not exist: C:\Program Files (x86)\Appium\node.exe
	at com.google.common.base.Preconditions.checkState(Preconditions.java:585)
	at org.openqa.selenium.remote.service.DriverService.checkExecutable(DriverService.java:136)
	at org.openqa.selenium.remote.service.DriverService$Builder.usingDriverExecutable(DriverService.java:261)
	at io.appium.java_client.service.local.AppiumServiceBuilder.usingDriverExecutable(AppiumServiceBuilder.java:451)
	at com.viacom.utils.Utilities.startAppiumServer(Utilities.java:311)
	at com.viacom.smoketestscripts.BaseTestV2.setup(BaseTestV2.java:48)
	at sun.reflect.NativeMethodAccessorImpl.invoke0(Native Method)
	at sun.reflect.NativeMethodAccessorImpl.invoke(Unknown Source)
	at sun.reflect.DelegatingMethodAccessorImpl.invoke(Unknown Source)
	at java.lang.reflect.Method.invoke(Unknown Source)
	at org.testng.internal.MethodInvocationHelper.invokeMethod(MethodInvocationHelper.java:86)
	at org.testng.internal.Invoker.invokeConfigurationMethod(Invoker.java:514)
	at org.testng.internal.Invoker.invokeConfigurations(Invoker.java:215)
	at org.testng.internal.Invoker.invokeMethod(Invoker.java:589)
	at org.testng.internal.Invoker.invokeTestMethod(Invoker.java:820)
	at org.testng.internal.Invoker.invokeTestMethods(Invoker.java:1128)
	at org.testng.internal.TestMethodWorker.invokeTestMethods(TestMethodWorker.java:129)
	at org.testng.internal.TestMethodWorker.run(TestMethodWorker.java:112)
	at org.testng.TestRunner.privateRun(TestRunner.java:782)
	at org.testng.TestRunner.run(TestRunner.java:632)
	at org.testng.SuiteRunner.runTest(SuiteRunner.java:366)
	at org.testng.SuiteRunner.runSequentially(SuiteRunner.java:361)
	at org.testng.SuiteRunner.privateRun(SuiteRunner.java:319)
	at org.testng.SuiteRunner.run(SuiteRunner.java:268)
	at org.testng.SuiteRunnerWorker.runSuite(SuiteRunnerWorker.java:52)
	at org.testng.SuiteRunnerWorker.run(SuiteRunnerWorker.java:86)
	at org.testng.TestNG.runSuitesSequentially(TestNG.java:1244)
	at org.testng.TestNG.runSuitesLocally(TestNG.java:1169)
	at org.testng.TestNG.run(TestNG.java:1064)
	at org.testng.remote.AbstractRemoteTestNG.run(AbstractRemoteTestNG.java:132)
	at org.testng.remote.RemoteTestNG.initAndRun(RemoteTestNG.java:230)
	at org.testng.remote.RemoteTestNG.main(RemoteTestNG.java:76)
]]>
            </full-stacktrace>
          </exception> <!-- java.lang.IllegalStateException -->
          <reporter-output>
          </reporter-output>
        </test-method> <!-- setup -->
        <test-method status="SKIP" signature="tearDown()[pri:0, instance:com.viacom.smoketestscripts.VerifyCharactersInCharactersTray@2e6a8155]" name="tearDown" is-config="true" duration-ms="0" started-at="2018-07-25T20:44:37Z" finished-at="2018-07-25T20:44:37Z">
          <reporter-output>
          </reporter-output>
        </test-method> <!-- tearDown -->
        <test-method status="SKIP" signature="VerifyCharactersInCharactersTray(java.util.Hashtable)[pri:0, instance:com.viacom.smoketestscripts.VerifyCharactersInCharactersTray@2e6a8155]" name="VerifyCharactersInCharactersTray" duration-ms="0" started-at="2018-07-25T20:44:37Z" data-provider="getData" finished-at="2018-07-25T20:44:37Z">
          <params>
            <param index="0">
              <value>
                <![CDATA[{Runmode=Y}]]>
              </value>
            </param>
          </params>
          <reporter-output>
          </reporter-output>
        </test-method> <!-- VerifyCharactersInCharactersTray -->
      </class> <!-- com.viacom.smoketestscripts.VerifyCharactersInCharactersTray -->
    </test> <!-- VerifyCharactersInCharactersTray -->
    <test name="VerifyCountOfAssetsInCarousal" duration-ms="16" started-at="2018-07-25T15:14:37Z" finished-at="2018-07-25T15:14:37Z">
      <class name="com.viacom.smoketestscripts.VerifyCountOfAssetsInCarousal">
        <test-method status="SKIP" signature="tearDown()[pri:0, instance:com.viacom.smoketestscripts.VerifyCountOfAssetsInCarousal@38cee291]" name="tearDown" is-config="true" duration-ms="0" started-at="2018-07-25T20:44:37Z" finished-at="2018-07-25T20:44:37Z">
          <reporter-output>
          </reporter-output>
        </test-method> <!-- tearDown -->
        <test-method status="FAIL" signature="setup()[pri:0, instance:com.viacom.smoketestscripts.VerifyCountOfAssetsInCarousal@38cee291]" name="setup" is-config="true" duration-ms="0" started-at="2018-07-25T20:44:37Z" finished-at="2018-07-25T20:44:37Z">
          <exception class="java.lang.IllegalStateException">
            <message>
              <![CDATA[The driver executable does not exist: C:\Program Files (x86)\Appium\node.exe]]>
            </message>
            <full-stacktrace>
              <![CDATA[java.lang.IllegalStateException: The driver executable does not exist: C:\Program Files (x86)\Appium\node.exe
	at com.google.common.base.Preconditions.checkState(Preconditions.java:585)
	at org.openqa.selenium.remote.service.DriverService.checkExecutable(DriverService.java:136)
	at org.openqa.selenium.remote.service.DriverService$Builder.usingDriverExecutable(DriverService.java:261)
	at io.appium.java_client.service.local.AppiumServiceBuilder.usingDriverExecutable(AppiumServiceBuilder.java:451)
	at com.viacom.utils.Utilities.startAppiumServer(Utilities.java:311)
	at com.viacom.smoketestscripts.BaseTestV2.setup(BaseTestV2.java:48)
	at sun.reflect.NativeMethodAccessorImpl.invoke0(Native Method)
	at sun.reflect.NativeMethodAccessorImpl.invoke(Unknown Source)
	at sun.reflect.DelegatingMethodAccessorImpl.invoke(Unknown Source)
	at java.lang.reflect.Method.invoke(Unknown Source)
	at org.testng.internal.MethodInvocationHelper.invokeMethod(MethodInvocationHelper.java:86)
	at org.testng.internal.Invoker.invokeConfigurationMethod(Invoker.java:514)
	at org.testng.internal.Invoker.invokeConfigurations(Invoker.java:215)
	at org.testng.internal.Invoker.invokeMethod(Invoker.java:589)
	at org.testng.internal.Invoker.invokeTestMethod(Invoker.java:820)
	at org.testng.internal.Invoker.invokeTestMethods(Invoker.java:1128)
	at org.testng.internal.TestMethodWorker.invokeTestMethods(TestMethodWorker.java:129)
	at org.testng.internal.TestMethodWorker.run(TestMethodWorker.java:112)
	at org.testng.TestRunner.privateRun(TestRunner.java:782)
	at org.testng.TestRunner.run(TestRunner.java:632)
	at org.testng.SuiteRunner.runTest(SuiteRunner.java:366)
	at org.testng.SuiteRunner.runSequentially(SuiteRunner.java:361)
	at org.testng.SuiteRunner.privateRun(SuiteRunner.java:319)
	at org.testng.SuiteRunner.run(SuiteRunner.java:268)
	at org.testng.SuiteRunnerWorker.runSuite(SuiteRunnerWorker.java:52)
	at org.testng.SuiteRunnerWorker.run(SuiteRunnerWorker.java:86)
	at org.testng.TestNG.runSuitesSequentially(TestNG.java:1244)
	at org.testng.TestNG.runSuitesLocally(TestNG.java:1169)
	at org.testng.TestNG.run(TestNG.java:1064)
	at org.testng.remote.AbstractRemoteTestNG.run(AbstractRemoteTestNG.java:132)
	at org.testng.remote.RemoteTestNG.initAndRun(RemoteTestNG.java:230)
	at org.testng.remote.RemoteTestNG.main(RemoteTestNG.java:76)
]]>
            </full-stacktrace>
          </exception> <!-- java.lang.IllegalStateException -->
          <reporter-output>
          </reporter-output>
        </test-method> <!-- setup -->
        <test-method status="SKIP" signature="VerifyCountOfAssetsInCarousal(java.util.Hashtable)[pri:0, instance:com.viacom.smoketestscripts.VerifyCountOfAssetsInCarousal@38cee291]" name="VerifyCountOfAssetsInCarousal" duration-ms="0" started-at="2018-07-25T20:44:37Z" data-provider="getData" finished-at="2018-07-25T20:44:37Z">
          <params>
            <param index="0">
              <value>
                <![CDATA[{Password=daya123, Runmode=Y, Email=daya123@daya.in

}]]>
              </value>
            </param>
          </params>
          <reporter-output>
          </reporter-output>
        </test-method> <!-- VerifyCountOfAssetsInCarousal -->
      </class> <!-- com.viacom.smoketestscripts.VerifyCountOfAssetsInCarousal -->
    </test> <!-- VerifyCountOfAssetsInCarousal -->
    <test name="VerifyDisplayCardOrderInCarousal" duration-ms="0" started-at="2018-07-25T15:14:37Z" finished-at="2018-07-25T15:14:37Z">
      <class name="com.viacom.smoketestscripts.VerifyDisplayCardOrderInCarousal">
        <test-method status="FAIL" signature="setup()[pri:0, instance:com.viacom.smoketestscripts.VerifyDisplayCardOrderInCarousal@3c77d488]" name="setup" is-config="true" duration-ms="0" started-at="2018-07-25T20:44:37Z" finished-at="2018-07-25T20:44:37Z">
          <exception class="java.lang.IllegalStateException">
            <message>
              <![CDATA[The driver executable does not exist: C:\Program Files (x86)\Appium\node.exe]]>
            </message>
            <full-stacktrace>
              <![CDATA[java.lang.IllegalStateException: The driver executable does not exist: C:\Program Files (x86)\Appium\node.exe
	at com.google.common.base.Preconditions.checkState(Preconditions.java:585)
	at org.openqa.selenium.remote.service.DriverService.checkExecutable(DriverService.java:136)
	at org.openqa.selenium.remote.service.DriverService$Builder.usingDriverExecutable(DriverService.java:261)
	at io.appium.java_client.service.local.AppiumServiceBuilder.usingDriverExecutable(AppiumServiceBuilder.java:451)
	at com.viacom.utils.Utilities.startAppiumServer(Utilities.java:311)
	at com.viacom.smoketestscripts.BaseTestV2.setup(BaseTestV2.java:48)
	at sun.reflect.NativeMethodAccessorImpl.invoke0(Native Method)
	at sun.reflect.NativeMethodAccessorImpl.invoke(Unknown Source)
	at sun.reflect.DelegatingMethodAccessorImpl.invoke(Unknown Source)
	at java.lang.reflect.Method.invoke(Unknown Source)
	at org.testng.internal.MethodInvocationHelper.invokeMethod(MethodInvocationHelper.java:86)
	at org.testng.internal.Invoker.invokeConfigurationMethod(Invoker.java:514)
	at org.testng.internal.Invoker.invokeConfigurations(Invoker.java:215)
	at org.testng.internal.Invoker.invokeMethod(Invoker.java:589)
	at org.testng.internal.Invoker.invokeTestMethod(Invoker.java:820)
	at org.testng.internal.Invoker.invokeTestMethods(Invoker.java:1128)
	at org.testng.internal.TestMethodWorker.invokeTestMethods(TestMethodWorker.java:129)
	at org.testng.internal.TestMethodWorker.run(TestMethodWorker.java:112)
	at org.testng.TestRunner.privateRun(TestRunner.java:782)
	at org.testng.TestRunner.run(TestRunner.java:632)
	at org.testng.SuiteRunner.runTest(SuiteRunner.java:366)
	at org.testng.SuiteRunner.runSequentially(SuiteRunner.java:361)
	at org.testng.SuiteRunner.privateRun(SuiteRunner.java:319)
	at org.testng.SuiteRunner.run(SuiteRunner.java:268)
	at org.testng.SuiteRunnerWorker.runSuite(SuiteRunnerWorker.java:52)
	at org.testng.SuiteRunnerWorker.run(SuiteRunnerWorker.java:86)
	at org.testng.TestNG.runSuitesSequentially(TestNG.java:1244)
	at org.testng.TestNG.runSuitesLocally(TestNG.java:1169)
	at org.testng.TestNG.run(TestNG.java:1064)
	at org.testng.remote.AbstractRemoteTestNG.run(AbstractRemoteTestNG.java:132)
	at org.testng.remote.RemoteTestNG.initAndRun(RemoteTestNG.java:230)
	at org.testng.remote.RemoteTestNG.main(RemoteTestNG.java:76)
]]>
            </full-stacktrace>
          </exception> <!-- java.lang.IllegalStateException -->
          <reporter-output>
          </reporter-output>
        </test-method> <!-- setup -->
        <test-method status="SKIP" signature="tearDown()[pri:0, instance:com.viacom.smoketestscripts.VerifyDisplayCardOrderInCarousal@3c77d488]" name="tearDown" is-config="true" duration-ms="0" started-at="2018-07-25T20:44:37Z" finished-at="2018-07-25T20:44:37Z">
          <reporter-output>
          </reporter-output>
        </test-method> <!-- tearDown -->
        <test-method status="SKIP" signature="VerifyDisplayCardOrderInCarousal(java.util.Hashtable)[pri:0, instance:com.viacom.smoketestscripts.VerifyDisplayCardOrderInCarousal@3c77d488]" name="VerifyDisplayCardOrderInCarousal" duration-ms="0" started-at="2018-07-25T20:44:37Z" data-provider="getData" finished-at="2018-07-25T20:44:37Z">
          <params>
            <param index="0">
              <value>
                <![CDATA[{Password=daya123, Runmode=Y, Email=daya123@daya.in

}]]>
              </value>
            </param>
          </params>
          <reporter-output>
          </reporter-output>
        </test-method> <!-- VerifyDisplayCardOrderInCarousal -->
      </class> <!-- com.viacom.smoketestscripts.VerifyDisplayCardOrderInCarousal -->
    </test> <!-- VerifyDisplayCardOrderInCarousal -->
    <test name="VerifyFavouritesTrayAndIcon" duration-ms="0" started-at="2018-07-25T15:14:37Z" finished-at="2018-07-25T15:14:37Z">
      <class name="com.viacom.smoketestscripts.VerifyFavouritesTrayAndIcon">
        <test-method status="SKIP" signature="VerifyLastViewedUI(java.util.Hashtable)[pri:0, instance:com.viacom.smoketestscripts.VerifyFavouritesTrayAndIcon@f78a47e]" name="VerifyLastViewedUI" duration-ms="0" started-at="2018-07-25T20:44:37Z" data-provider="getData" finished-at="2018-07-25T20:44:37Z">
          <params>
            <param index="0">
              <value>
                <![CDATA[{Password=daya123, Runmode=Y, Email=daya123@daya.in

}]]>
              </value>
            </param>
          </params>
          <reporter-output>
          </reporter-output>
        </test-method> <!-- VerifyLastViewedUI -->
        <test-method status="FAIL" signature="setup()[pri:0, instance:com.viacom.smoketestscripts.VerifyFavouritesTrayAndIcon@f78a47e]" name="setup" is-config="true" duration-ms="0" started-at="2018-07-25T20:44:37Z" finished-at="2018-07-25T20:44:37Z">
          <exception class="java.lang.IllegalStateException">
            <message>
              <![CDATA[The driver executable does not exist: C:\Program Files (x86)\Appium\node.exe]]>
            </message>
            <full-stacktrace>
              <![CDATA[java.lang.IllegalStateException: The driver executable does not exist: C:\Program Files (x86)\Appium\node.exe
	at com.google.common.base.Preconditions.checkState(Preconditions.java:585)
	at org.openqa.selenium.remote.service.DriverService.checkExecutable(DriverService.java:136)
	at org.openqa.selenium.remote.service.DriverService$Builder.usingDriverExecutable(DriverService.java:261)
	at io.appium.java_client.service.local.AppiumServiceBuilder.usingDriverExecutable(AppiumServiceBuilder.java:451)
	at com.viacom.utils.Utilities.startAppiumServer(Utilities.java:311)
	at com.viacom.smoketestscripts.BaseTestV2.setup(BaseTestV2.java:48)
	at sun.reflect.NativeMethodAccessorImpl.invoke0(Native Method)
	at sun.reflect.NativeMethodAccessorImpl.invoke(Unknown Source)
	at sun.reflect.DelegatingMethodAccessorImpl.invoke(Unknown Source)
	at java.lang.reflect.Method.invoke(Unknown Source)
	at org.testng.internal.MethodInvocationHelper.invokeMethod(MethodInvocationHelper.java:86)
	at org.testng.internal.Invoker.invokeConfigurationMethod(Invoker.java:514)
	at org.testng.internal.Invoker.invokeConfigurations(Invoker.java:215)
	at org.testng.internal.Invoker.invokeMethod(Invoker.java:589)
	at org.testng.internal.Invoker.invokeTestMethod(Invoker.java:820)
	at org.testng.internal.Invoker.invokeTestMethods(Invoker.java:1128)
	at org.testng.internal.TestMethodWorker.invokeTestMethods(TestMethodWorker.java:129)
	at org.testng.internal.TestMethodWorker.run(TestMethodWorker.java:112)
	at org.testng.TestRunner.privateRun(TestRunner.java:782)
	at org.testng.TestRunner.run(TestRunner.java:632)
	at org.testng.SuiteRunner.runTest(SuiteRunner.java:366)
	at org.testng.SuiteRunner.runSequentially(SuiteRunner.java:361)
	at org.testng.SuiteRunner.privateRun(SuiteRunner.java:319)
	at org.testng.SuiteRunner.run(SuiteRunner.java:268)
	at org.testng.SuiteRunnerWorker.runSuite(SuiteRunnerWorker.java:52)
	at org.testng.SuiteRunnerWorker.run(SuiteRunnerWorker.java:86)
	at org.testng.TestNG.runSuitesSequentially(TestNG.java:1244)
	at org.testng.TestNG.runSuitesLocally(TestNG.java:1169)
	at org.testng.TestNG.run(TestNG.java:1064)
	at org.testng.remote.AbstractRemoteTestNG.run(AbstractRemoteTestNG.java:132)
	at org.testng.remote.RemoteTestNG.initAndRun(RemoteTestNG.java:230)
	at org.testng.remote.RemoteTestNG.main(RemoteTestNG.java:76)
]]>
            </full-stacktrace>
          </exception> <!-- java.lang.IllegalStateException -->
          <reporter-output>
          </reporter-output>
        </test-method> <!-- setup -->
        <test-method status="SKIP" signature="tearDown()[pri:0, instance:com.viacom.smoketestscripts.VerifyFavouritesTrayAndIcon@f78a47e]" name="tearDown" is-config="true" duration-ms="0" started-at="2018-07-25T20:44:37Z" finished-at="2018-07-25T20:44:37Z">
          <reporter-output>
          </reporter-output>
        </test-method> <!-- tearDown -->
      </class> <!-- com.viacom.smoketestscripts.VerifyFavouritesTrayAndIcon -->
    </test> <!-- VerifyFavouritesTrayAndIcon -->
    <test name="VerifyHorizontalSwipeMyStuffWatch" duration-ms="0" started-at="2018-07-25T15:14:37Z" finished-at="2018-07-25T15:14:37Z">
      <class name="com.viacom.smoketestscripts.VerifyHorizontalSwipeMyStuffWatch">
        <test-method status="SKIP" signature="tearDown()[pri:0, instance:com.viacom.smoketestscripts.VerifyHorizontalSwipeMyStuffWatch@6e9175d8]" name="tearDown" is-config="true" duration-ms="0" started-at="2018-07-25T20:44:37Z" finished-at="2018-07-25T20:44:37Z">
          <reporter-output>
          </reporter-output>
        </test-method> <!-- tearDown -->
        <test-method status="SKIP" signature="VerifyHorizontalSwipe(java.util.Hashtable)[pri:0, instance:com.viacom.smoketestscripts.VerifyHorizontalSwipeMyStuffWatch@6e9175d8]" name="VerifyHorizontalSwipe" duration-ms="0" started-at="2018-07-25T20:44:37Z" data-provider="getData" finished-at="2018-07-25T20:44:37Z">
          <params>
            <param index="0">
              <value>
                <![CDATA[{Password=daya123, Runmode=Y, Email=daya123@daya.in

}]]>
              </value>
            </param>
          </params>
          <reporter-output>
          </reporter-output>
        </test-method> <!-- VerifyHorizontalSwipe -->
        <test-method status="FAIL" signature="setup()[pri:0, instance:com.viacom.smoketestscripts.VerifyHorizontalSwipeMyStuffWatch@6e9175d8]" name="setup" is-config="true" duration-ms="0" started-at="2018-07-25T20:44:37Z" finished-at="2018-07-25T20:44:37Z">
          <exception class="java.lang.IllegalStateException">
            <message>
              <![CDATA[The driver executable does not exist: C:\Program Files (x86)\Appium\node.exe]]>
            </message>
            <full-stacktrace>
              <![CDATA[java.lang.IllegalStateException: The driver executable does not exist: C:\Program Files (x86)\Appium\node.exe
	at com.google.common.base.Preconditions.checkState(Preconditions.java:585)
	at org.openqa.selenium.remote.service.DriverService.checkExecutable(DriverService.java:136)
	at org.openqa.selenium.remote.service.DriverService$Builder.usingDriverExecutable(DriverService.java:261)
	at io.appium.java_client.service.local.AppiumServiceBuilder.usingDriverExecutable(AppiumServiceBuilder.java:451)
	at com.viacom.utils.Utilities.startAppiumServer(Utilities.java:311)
	at com.viacom.smoketestscripts.BaseTestV2.setup(BaseTestV2.java:48)
	at sun.reflect.NativeMethodAccessorImpl.invoke0(Native Method)
	at sun.reflect.NativeMethodAccessorImpl.invoke(Unknown Source)
	at sun.reflect.DelegatingMethodAccessorImpl.invoke(Unknown Source)
	at java.lang.reflect.Method.invoke(Unknown Source)
	at org.testng.internal.MethodInvocationHelper.invokeMethod(MethodInvocationHelper.java:86)
	at org.testng.internal.Invoker.invokeConfigurationMethod(Invoker.java:514)
	at org.testng.internal.Invoker.invokeConfigurations(Invoker.java:215)
	at org.testng.internal.Invoker.invokeMethod(Invoker.java:589)
	at org.testng.internal.Invoker.invokeTestMethod(Invoker.java:820)
	at org.testng.internal.Invoker.invokeTestMethods(Invoker.java:1128)
	at org.testng.internal.TestMethodWorker.invokeTestMethods(TestMethodWorker.java:129)
	at org.testng.internal.TestMethodWorker.run(TestMethodWorker.java:112)
	at org.testng.TestRunner.privateRun(TestRunner.java:782)
	at org.testng.TestRunner.run(TestRunner.java:632)
	at org.testng.SuiteRunner.runTest(SuiteRunner.java:366)
	at org.testng.SuiteRunner.runSequentially(SuiteRunner.java:361)
	at org.testng.SuiteRunner.privateRun(SuiteRunner.java:319)
	at org.testng.SuiteRunner.run(SuiteRunner.java:268)
	at org.testng.SuiteRunnerWorker.runSuite(SuiteRunnerWorker.java:52)
	at org.testng.SuiteRunnerWorker.run(SuiteRunnerWorker.java:86)
	at org.testng.TestNG.runSuitesSequentially(TestNG.java:1244)
	at org.testng.TestNG.runSuitesLocally(TestNG.java:1169)
	at org.testng.TestNG.run(TestNG.java:1064)
	at org.testng.remote.AbstractRemoteTestNG.run(AbstractRemoteTestNG.java:132)
	at org.testng.remote.RemoteTestNG.initAndRun(RemoteTestNG.java:230)
	at org.testng.remote.RemoteTestNG.main(RemoteTestNG.java:76)
]]>
            </full-stacktrace>
          </exception> <!-- java.lang.IllegalStateException -->
          <reporter-output>
          </reporter-output>
        </test-method> <!-- setup -->
      </class> <!-- com.viacom.smoketestscripts.VerifyHorizontalSwipeMyStuffWatch -->
    </test> <!-- VerifyHorizontalSwipeMyStuffWatch -->
    <test name="VerifyLastViewedUI" duration-ms="16" started-at="2018-07-25T15:14:37Z" finished-at="2018-07-25T15:14:37Z">
      <class name="com.viacom.smoketestscripts.VerifyLastViewedUI">
        <test-method status="SKIP" signature="VerifyLastViewedUI(java.util.Hashtable)[pri:0, instance:com.viacom.smoketestscripts.VerifyLastViewedUI@248e319b]" name="VerifyLastViewedUI" duration-ms="16" started-at="2018-07-25T20:44:37Z" data-provider="getData" finished-at="2018-07-25T20:44:37Z">
          <params>
            <param index="0">
              <value>
                <![CDATA[{Password=daya123, Runmode=Y, Email=daya123@daya.in

}]]>
              </value>
            </param>
          </params>
          <reporter-output>
          </reporter-output>
        </test-method> <!-- VerifyLastViewedUI -->
        <test-method status="FAIL" signature="setup()[pri:0, instance:com.viacom.smoketestscripts.VerifyLastViewedUI@248e319b]" name="setup" is-config="true" duration-ms="0" started-at="2018-07-25T20:44:37Z" finished-at="2018-07-25T20:44:37Z">
          <exception class="java.lang.IllegalStateException">
            <message>
              <![CDATA[The driver executable does not exist: C:\Program Files (x86)\Appium\node.exe]]>
            </message>
            <full-stacktrace>
              <![CDATA[java.lang.IllegalStateException: The driver executable does not exist: C:\Program Files (x86)\Appium\node.exe
	at com.google.common.base.Preconditions.checkState(Preconditions.java:585)
	at org.openqa.selenium.remote.service.DriverService.checkExecutable(DriverService.java:136)
	at org.openqa.selenium.remote.service.DriverService$Builder.usingDriverExecutable(DriverService.java:261)
	at io.appium.java_client.service.local.AppiumServiceBuilder.usingDriverExecutable(AppiumServiceBuilder.java:451)
	at com.viacom.utils.Utilities.startAppiumServer(Utilities.java:311)
	at com.viacom.smoketestscripts.BaseTestV2.setup(BaseTestV2.java:48)
	at sun.reflect.NativeMethodAccessorImpl.invoke0(Native Method)
	at sun.reflect.NativeMethodAccessorImpl.invoke(Unknown Source)
	at sun.reflect.DelegatingMethodAccessorImpl.invoke(Unknown Source)
	at java.lang.reflect.Method.invoke(Unknown Source)
	at org.testng.internal.MethodInvocationHelper.invokeMethod(MethodInvocationHelper.java:86)
	at org.testng.internal.Invoker.invokeConfigurationMethod(Invoker.java:514)
	at org.testng.internal.Invoker.invokeConfigurations(Invoker.java:215)
	at org.testng.internal.Invoker.invokeMethod(Invoker.java:589)
	at org.testng.internal.Invoker.invokeTestMethod(Invoker.java:820)
	at org.testng.internal.Invoker.invokeTestMethods(Invoker.java:1128)
	at org.testng.internal.TestMethodWorker.invokeTestMethods(TestMethodWorker.java:129)
	at org.testng.internal.TestMethodWorker.run(TestMethodWorker.java:112)
	at org.testng.TestRunner.privateRun(TestRunner.java:782)
	at org.testng.TestRunner.run(TestRunner.java:632)
	at org.testng.SuiteRunner.runTest(SuiteRunner.java:366)
	at org.testng.SuiteRunner.runSequentially(SuiteRunner.java:361)
	at org.testng.SuiteRunner.privateRun(SuiteRunner.java:319)
	at org.testng.SuiteRunner.run(SuiteRunner.java:268)
	at org.testng.SuiteRunnerWorker.runSuite(SuiteRunnerWorker.java:52)
	at org.testng.SuiteRunnerWorker.run(SuiteRunnerWorker.java:86)
	at org.testng.TestNG.runSuitesSequentially(TestNG.java:1244)
	at org.testng.TestNG.runSuitesLocally(TestNG.java:1169)
	at org.testng.TestNG.run(TestNG.java:1064)
	at org.testng.remote.AbstractRemoteTestNG.run(AbstractRemoteTestNG.java:132)
	at org.testng.remote.RemoteTestNG.initAndRun(RemoteTestNG.java:230)
	at org.testng.remote.RemoteTestNG.main(RemoteTestNG.java:76)
]]>
            </full-stacktrace>
          </exception> <!-- java.lang.IllegalStateException -->
          <reporter-output>
          </reporter-output>
        </test-method> <!-- setup -->
        <test-method status="SKIP" signature="tearDown()[pri:0, instance:com.viacom.smoketestscripts.VerifyLastViewedUI@248e319b]" name="tearDown" is-config="true" duration-ms="0" started-at="2018-07-25T20:44:37Z" finished-at="2018-07-25T20:44:37Z">
          <reporter-output>
          </reporter-output>
        </test-method> <!-- tearDown -->
      </class> <!-- com.viacom.smoketestscripts.VerifyLastViewedUI -->
    </test> <!-- VerifyLastViewedUI -->
    <test name="Verify1" duration-ms="63" started-at="2018-07-25T15:14:37Z" finished-at="2018-07-25T15:14:37Z">
      <class name="com.viacom.smoketestscripts.VootKidsCreateProfileScreenFunctionalityTest">
        <test-method status="FAIL" signature="setup()[pri:0, instance:com.viacom.smoketestscripts.VootKidsCreateProfileScreenFunctionalityTest@74d1dc36]" name="setup" is-config="true" duration-ms="0" started-at="2018-07-25T20:44:37Z" finished-at="2018-07-25T20:44:37Z">
          <exception class="java.lang.IllegalStateException">
            <message>
              <![CDATA[The driver executable does not exist: C:\Program Files (x86)\Appium\node.exe]]>
            </message>
            <full-stacktrace>
              <![CDATA[java.lang.IllegalStateException: The driver executable does not exist: C:\Program Files (x86)\Appium\node.exe
	at com.google.common.base.Preconditions.checkState(Preconditions.java:585)
	at org.openqa.selenium.remote.service.DriverService.checkExecutable(DriverService.java:136)
	at org.openqa.selenium.remote.service.DriverService$Builder.usingDriverExecutable(DriverService.java:261)
	at io.appium.java_client.service.local.AppiumServiceBuilder.usingDriverExecutable(AppiumServiceBuilder.java:451)
	at com.viacom.utils.Utilities.startAppiumServer(Utilities.java:311)
	at com.viacom.smoketestscripts.BaseTestV2.setup(BaseTestV2.java:48)
	at sun.reflect.NativeMethodAccessorImpl.invoke0(Native Method)
	at sun.reflect.NativeMethodAccessorImpl.invoke(Unknown Source)
	at sun.reflect.DelegatingMethodAccessorImpl.invoke(Unknown Source)
	at java.lang.reflect.Method.invoke(Unknown Source)
	at org.testng.internal.MethodInvocationHelper.invokeMethod(MethodInvocationHelper.java:86)
	at org.testng.internal.Invoker.invokeConfigurationMethod(Invoker.java:514)
	at org.testng.internal.Invoker.invokeConfigurations(Invoker.java:215)
	at org.testng.internal.Invoker.invokeMethod(Invoker.java:589)
	at org.testng.internal.Invoker.invokeTestMethod(Invoker.java:820)
	at org.testng.internal.Invoker.invokeTestMethods(Invoker.java:1128)
	at org.testng.internal.TestMethodWorker.invokeTestMethods(TestMethodWorker.java:129)
	at org.testng.internal.TestMethodWorker.run(TestMethodWorker.java:112)
	at org.testng.TestRunner.privateRun(TestRunner.java:782)
	at org.testng.TestRunner.run(TestRunner.java:632)
	at org.testng.SuiteRunner.runTest(SuiteRunner.java:366)
	at org.testng.SuiteRunner.runSequentially(SuiteRunner.java:361)
	at org.testng.SuiteRunner.privateRun(SuiteRunner.java:319)
	at org.testng.SuiteRunner.run(SuiteRunner.java:268)
	at org.testng.SuiteRunnerWorker.runSuite(SuiteRunnerWorker.java:52)
	at org.testng.SuiteRunnerWorker.run(SuiteRunnerWorker.java:86)
	at org.testng.TestNG.runSuitesSequentially(TestNG.java:1244)
	at org.testng.TestNG.runSuitesLocally(TestNG.java:1169)
	at org.testng.TestNG.run(TestNG.java:1064)
	at org.testng.remote.AbstractRemoteTestNG.run(AbstractRemoteTestNG.java:132)
	at org.testng.remote.RemoteTestNG.initAndRun(RemoteTestNG.java:230)
	at org.testng.remote.RemoteTestNG.main(RemoteTestNG.java:76)
]]>
            </full-stacktrace>
          </exception> <!-- java.lang.IllegalStateException -->
          <reporter-output>
          </reporter-output>
        </test-method> <!-- setup -->
        <test-method status="SKIP" signature="loginTest(java.util.Hashtable)[pri:0, instance:com.viacom.smoketestscripts.VootKidsCreateProfileScreenFunctionalityTest@74d1dc36]" name="loginTest" duration-ms="0" started-at="2018-07-25T20:44:37Z" data-provider="getData" finished-at="2018-07-25T20:44:37Z">
          <params>
            <param index="0">
              <value>
                <![CDATA[{Password=vinoth123, Runmode=Y, Email=vinothtest@gmail.com}]]>
              </value>
            </param>
          </params>
          <reporter-output>
          </reporter-output>
        </test-method> <!-- loginTest -->
        <test-method status="SKIP" signature="tearDown()[pri:0, instance:com.viacom.smoketestscripts.VootKidsCreateProfileScreenFunctionalityTest@74d1dc36]" name="tearDown" is-config="true" duration-ms="0" started-at="2018-07-25T20:44:37Z" finished-at="2018-07-25T20:44:37Z">
          <reporter-output>
          </reporter-output>
        </test-method> <!-- tearDown -->
      </class> <!-- com.viacom.smoketestscripts.VootKidsCreateProfileScreenFunctionalityTest -->
    </test> <!-- Verify1 -->
    <test name="Verify2" duration-ms="31" started-at="2018-07-25T15:14:37Z" finished-at="2018-07-25T15:14:37Z">
      <class name="com.viacom.smoketestscripts.VootKidsCreateProfile">
        <test-method status="FAIL" signature="setup()[pri:0, instance:com.viacom.smoketestscripts.VootKidsCreateProfile@712625fd]" name="setup" is-config="true" duration-ms="0" started-at="2018-07-25T20:44:37Z" finished-at="2018-07-25T20:44:37Z">
          <exception class="java.lang.IllegalStateException">
            <message>
              <![CDATA[The driver executable does not exist: C:\Program Files (x86)\Appium\node.exe]]>
            </message>
            <full-stacktrace>
              <![CDATA[java.lang.IllegalStateException: The driver executable does not exist: C:\Program Files (x86)\Appium\node.exe
	at com.google.common.base.Preconditions.checkState(Preconditions.java:585)
	at org.openqa.selenium.remote.service.DriverService.checkExecutable(DriverService.java:136)
	at org.openqa.selenium.remote.service.DriverService$Builder.usingDriverExecutable(DriverService.java:261)
	at io.appium.java_client.service.local.AppiumServiceBuilder.usingDriverExecutable(AppiumServiceBuilder.java:451)
	at com.viacom.utils.Utilities.startAppiumServer(Utilities.java:311)
	at com.viacom.smoketestscripts.BaseTestV2.setup(BaseTestV2.java:48)
	at sun.reflect.NativeMethodAccessorImpl.invoke0(Native Method)
	at sun.reflect.NativeMethodAccessorImpl.invoke(Unknown Source)
	at sun.reflect.DelegatingMethodAccessorImpl.invoke(Unknown Source)
	at java.lang.reflect.Method.invoke(Unknown Source)
	at org.testng.internal.MethodInvocationHelper.invokeMethod(MethodInvocationHelper.java:86)
	at org.testng.internal.Invoker.invokeConfigurationMethod(Invoker.java:514)
	at org.testng.internal.Invoker.invokeConfigurations(Invoker.java:215)
	at org.testng.internal.Invoker.invokeMethod(Invoker.java:589)
	at org.testng.internal.Invoker.invokeTestMethod(Invoker.java:820)
	at org.testng.internal.Invoker.invokeTestMethods(Invoker.java:1128)
	at org.testng.internal.TestMethodWorker.invokeTestMethods(TestMethodWorker.java:129)
	at org.testng.internal.TestMethodWorker.run(TestMethodWorker.java:112)
	at org.testng.TestRunner.privateRun(TestRunner.java:782)
	at org.testng.TestRunner.run(TestRunner.java:632)
	at org.testng.SuiteRunner.runTest(SuiteRunner.java:366)
	at org.testng.SuiteRunner.runSequentially(SuiteRunner.java:361)
	at org.testng.SuiteRunner.privateRun(SuiteRunner.java:319)
	at org.testng.SuiteRunner.run(SuiteRunner.java:268)
	at org.testng.SuiteRunnerWorker.runSuite(SuiteRunnerWorker.java:52)
	at org.testng.SuiteRunnerWorker.run(SuiteRunnerWorker.java:86)
	at org.testng.TestNG.runSuitesSequentially(TestNG.java:1244)
	at org.testng.TestNG.runSuitesLocally(TestNG.java:1169)
	at org.testng.TestNG.run(TestNG.java:1064)
	at org.testng.remote.AbstractRemoteTestNG.run(AbstractRemoteTestNG.java:132)
	at org.testng.remote.RemoteTestNG.initAndRun(RemoteTestNG.java:230)
	at org.testng.remote.RemoteTestNG.main(RemoteTestNG.java:76)
]]>
            </full-stacktrace>
          </exception> <!-- java.lang.IllegalStateException -->
          <reporter-output>
          </reporter-output>
        </test-method> <!-- setup -->
        <test-method status="SKIP" signature="loginTest(java.util.Hashtable)[pri:0, instance:com.viacom.smoketestscripts.VootKidsCreateProfile@712625fd]" name="loginTest" duration-ms="0" started-at="2018-07-25T20:44:37Z" data-provider="getData" finished-at="2018-07-25T20:44:37Z">
          <params>
            <param index="0">
              <value>
                <![CDATA[{Password=vinoth123, Runmode=Y, Email=vinothtest@gmail.com}]]>
              </value>
            </param>
          </params>
          <reporter-output>
          </reporter-output>
        </test-method> <!-- loginTest -->
        <test-method status="SKIP" signature="tearDown()[pri:0, instance:com.viacom.smoketestscripts.VootKidsCreateProfile@712625fd]" name="tearDown" is-config="true" duration-ms="0" started-at="2018-07-25T20:44:37Z" finished-at="2018-07-25T20:44:37Z">
          <reporter-output>
          </reporter-output>
        </test-method> <!-- tearDown -->
      </class> <!-- com.viacom.smoketestscripts.VootKidsCreateProfile -->
    </test> <!-- Verify2 -->
    <test name="Verify3" duration-ms="78" started-at="2018-07-25T15:14:37Z" finished-at="2018-07-25T15:14:37Z">
      <class name="com.viacom.smoketestscripts.VerifyEditProfileFunctionalitytest">
        <test-method status="FAIL" signature="setup()[pri:0, instance:com.viacom.smoketestscripts.VerifyEditProfileFunctionalitytest@8519cb4]" name="setup" is-config="true" duration-ms="0" started-at="2018-07-25T20:44:37Z" finished-at="2018-07-25T20:44:37Z">
          <exception class="java.lang.IllegalStateException">
            <message>
              <![CDATA[The driver executable does not exist: C:\Program Files (x86)\Appium\node.exe]]>
            </message>
            <full-stacktrace>
              <![CDATA[java.lang.IllegalStateException: The driver executable does not exist: C:\Program Files (x86)\Appium\node.exe
	at com.google.common.base.Preconditions.checkState(Preconditions.java:585)
	at org.openqa.selenium.remote.service.DriverService.checkExecutable(DriverService.java:136)
	at org.openqa.selenium.remote.service.DriverService$Builder.usingDriverExecutable(DriverService.java:261)
	at io.appium.java_client.service.local.AppiumServiceBuilder.usingDriverExecutable(AppiumServiceBuilder.java:451)
	at com.viacom.utils.Utilities.startAppiumServer(Utilities.java:311)
	at com.viacom.smoketestscripts.BaseTestV2.setup(BaseTestV2.java:48)
	at sun.reflect.NativeMethodAccessorImpl.invoke0(Native Method)
	at sun.reflect.NativeMethodAccessorImpl.invoke(Unknown Source)
	at sun.reflect.DelegatingMethodAccessorImpl.invoke(Unknown Source)
	at java.lang.reflect.Method.invoke(Unknown Source)
	at org.testng.internal.MethodInvocationHelper.invokeMethod(MethodInvocationHelper.java:86)
	at org.testng.internal.Invoker.invokeConfigurationMethod(Invoker.java:514)
	at org.testng.internal.Invoker.invokeConfigurations(Invoker.java:215)
	at org.testng.internal.Invoker.invokeMethod(Invoker.java:589)
	at org.testng.internal.Invoker.invokeTestMethod(Invoker.java:820)
	at org.testng.internal.Invoker.invokeTestMethods(Invoker.java:1128)
	at org.testng.internal.TestMethodWorker.invokeTestMethods(TestMethodWorker.java:129)
	at org.testng.internal.TestMethodWorker.run(TestMethodWorker.java:112)
	at org.testng.TestRunner.privateRun(TestRunner.java:782)
	at org.testng.TestRunner.run(TestRunner.java:632)
	at org.testng.SuiteRunner.runTest(SuiteRunner.java:366)
	at org.testng.SuiteRunner.runSequentially(SuiteRunner.java:361)
	at org.testng.SuiteRunner.privateRun(SuiteRunner.java:319)
	at org.testng.SuiteRunner.run(SuiteRunner.java:268)
	at org.testng.SuiteRunnerWorker.runSuite(SuiteRunnerWorker.java:52)
	at org.testng.SuiteRunnerWorker.run(SuiteRunnerWorker.java:86)
	at org.testng.TestNG.runSuitesSequentially(TestNG.java:1244)
	at org.testng.TestNG.runSuitesLocally(TestNG.java:1169)
	at org.testng.TestNG.run(TestNG.java:1064)
	at org.testng.remote.AbstractRemoteTestNG.run(AbstractRemoteTestNG.java:132)
	at org.testng.remote.RemoteTestNG.initAndRun(RemoteTestNG.java:230)
	at org.testng.remote.RemoteTestNG.main(RemoteTestNG.java:76)
]]>
            </full-stacktrace>
          </exception> <!-- java.lang.IllegalStateException -->
          <reporter-output>
          </reporter-output>
        </test-method> <!-- setup -->
        <test-method status="SKIP" signature="loginTest(java.util.Hashtable)[pri:0, instance:com.viacom.smoketestscripts.VerifyEditProfileFunctionalitytest@8519cb4]" name="loginTest" duration-ms="0" started-at="2018-07-25T20:44:37Z" data-provider="getData" finished-at="2018-07-25T20:44:37Z">
          <params>
            <param index="0">
              <value>
                <![CDATA[{Password=vinoth123, Runmode=Y, Email=vinothtest@gmail.com}]]>
              </value>
            </param>
          </params>
          <reporter-output>
          </reporter-output>
        </test-method> <!-- loginTest -->
        <test-method status="SKIP" signature="tearDown()[pri:0, instance:com.viacom.smoketestscripts.VerifyEditProfileFunctionalitytest@8519cb4]" name="tearDown" is-config="true" duration-ms="0" started-at="2018-07-25T20:44:37Z" finished-at="2018-07-25T20:44:37Z">
          <reporter-output>
          </reporter-output>
        </test-method> <!-- tearDown -->
      </class> <!-- com.viacom.smoketestscripts.VerifyEditProfileFunctionalitytest -->
    </test> <!-- Verify3 -->
    <test name="Verify4" duration-ms="0" started-at="2018-07-25T15:14:37Z" finished-at="2018-07-25T15:14:37Z">
      <class name="com.viacom.smoketestscripts.VerifySwitchProfileFunctionalityTest">
        <test-method status="PASS" signature="suite()[pri:0, instance:com.viacom.smoketestscripts.VerifySwitchProfileFunctionalityTest@2cb4893b]" name="suite" is-config="true" duration-ms="0" started-at="2018-07-25T20:44:36Z" finished-at="2018-07-25T20:44:36Z">
          <reporter-output>
          </reporter-output>
        </test-method> <!-- suite -->
        <test-method status="SKIP" signature="tearDown()[pri:0, instance:com.viacom.smoketestscripts.VerifySwitchProfileFunctionalityTest@2cb4893b]" name="tearDown" is-config="true" duration-ms="0" started-at="2018-07-25T20:44:37Z" finished-at="2018-07-25T20:44:37Z">
          <reporter-output>
          </reporter-output>
        </test-method> <!-- tearDown -->
        <test-method status="FAIL" signature="setup()[pri:0, instance:com.viacom.smoketestscripts.VerifySwitchProfileFunctionalityTest@2cb4893b]" name="setup" is-config="true" duration-ms="0" started-at="2018-07-25T20:44:37Z" finished-at="2018-07-25T20:44:37Z">
          <exception class="java.lang.IllegalStateException">
            <message>
              <![CDATA[The driver executable does not exist: C:\Program Files (x86)\Appium\node.exe]]>
            </message>
            <full-stacktrace>
              <![CDATA[java.lang.IllegalStateException: The driver executable does not exist: C:\Program Files (x86)\Appium\node.exe
	at com.google.common.base.Preconditions.checkState(Preconditions.java:585)
	at org.openqa.selenium.remote.service.DriverService.checkExecutable(DriverService.java:136)
	at org.openqa.selenium.remote.service.DriverService$Builder.usingDriverExecutable(DriverService.java:261)
	at io.appium.java_client.service.local.AppiumServiceBuilder.usingDriverExecutable(AppiumServiceBuilder.java:451)
	at com.viacom.utils.Utilities.startAppiumServer(Utilities.java:311)
	at com.viacom.smoketestscripts.BaseTestV2.setup(BaseTestV2.java:48)
	at sun.reflect.NativeMethodAccessorImpl.invoke0(Native Method)
	at sun.reflect.NativeMethodAccessorImpl.invoke(Unknown Source)
	at sun.reflect.DelegatingMethodAccessorImpl.invoke(Unknown Source)
	at java.lang.reflect.Method.invoke(Unknown Source)
	at org.testng.internal.MethodInvocationHelper.invokeMethod(MethodInvocationHelper.java:86)
	at org.testng.internal.Invoker.invokeConfigurationMethod(Invoker.java:514)
	at org.testng.internal.Invoker.invokeConfigurations(Invoker.java:215)
	at org.testng.internal.Invoker.invokeMethod(Invoker.java:589)
	at org.testng.internal.Invoker.invokeTestMethod(Invoker.java:820)
	at org.testng.internal.Invoker.invokeTestMethods(Invoker.java:1128)
	at org.testng.internal.TestMethodWorker.invokeTestMethods(TestMethodWorker.java:129)
	at org.testng.internal.TestMethodWorker.run(TestMethodWorker.java:112)
	at org.testng.TestRunner.privateRun(TestRunner.java:782)
	at org.testng.TestRunner.run(TestRunner.java:632)
	at org.testng.SuiteRunner.runTest(SuiteRunner.java:366)
	at org.testng.SuiteRunner.runSequentially(SuiteRunner.java:361)
	at org.testng.SuiteRunner.privateRun(SuiteRunner.java:319)
	at org.testng.SuiteRunner.run(SuiteRunner.java:268)
	at org.testng.SuiteRunnerWorker.runSuite(SuiteRunnerWorker.java:52)
	at org.testng.SuiteRunnerWorker.run(SuiteRunnerWorker.java:86)
	at org.testng.TestNG.runSuitesSequentially(TestNG.java:1244)
	at org.testng.TestNG.runSuitesLocally(TestNG.java:1169)
	at org.testng.TestNG.run(TestNG.java:1064)
	at org.testng.remote.AbstractRemoteTestNG.run(AbstractRemoteTestNG.java:132)
	at org.testng.remote.RemoteTestNG.initAndRun(RemoteTestNG.java:230)
	at org.testng.remote.RemoteTestNG.main(RemoteTestNG.java:76)
]]>
            </full-stacktrace>
          </exception> <!-- java.lang.IllegalStateException -->
          <reporter-output>
          </reporter-output>
        </test-method> <!-- setup -->
        <test-method status="SKIP" signature="loginTest(java.util.Hashtable)[pri:0, instance:com.viacom.smoketestscripts.VerifySwitchProfileFunctionalityTest@2cb4893b]" name="loginTest" duration-ms="0" started-at="2018-07-25T20:44:37Z" data-provider="getData" finished-at="2018-07-25T20:44:37Z">
          <params>
            <param index="0">
              <value>
                <![CDATA[{Password=vinoth123, Runmode=Y, Email=vinothtest@gmail.com}]]>
              </value>
            </param>
          </params>
          <reporter-output>
          </reporter-output>
        </test-method> <!-- loginTest -->
        <test-method status="SKIP" signature="close()[pri:0, instance:com.viacom.smoketestscripts.VerifySwitchProfileFunctionalityTest@2cb4893b]" name="close" is-config="true" duration-ms="0" started-at="2018-07-25T20:44:37Z" finished-at="2018-07-25T20:44:37Z">
          <reporter-output>
          </reporter-output>
        </test-method> <!-- close -->
      </class> <!-- com.viacom.smoketestscripts.VerifySwitchProfileFunctionalityTest -->
    </test> <!-- Verify4 -->
  </suite> <!-- Suite -->
</testng-results>
